TN:
SF:src/config.js
FNF:0
FNH:0
DA:1,1
DA:33,1
LF:2
LH:2
BRF:0
BRH:0
end_of_record
TN:
SF:src/index.js
FN:67,(anonymous_0)
FN:79,(anonymous_1)
FN:80,(anonymous_2)
FN:93,(anonymous_3)
FN:97,(anonymous_4)
FN:99,(anonymous_5)
FN:114,(anonymous_6)
FN:122,(anonymous_7)
FN:131,(anonymous_8)
FN:173,(anonymous_9)
FN:181,(anonymous_10)
FN:185,(anonymous_11)
FN:206,(anonymous_12)
FN:215,(anonymous_13)
FN:242,(anonymous_14)
FN:263,(anonymous_15)
FN:287,(anonymous_16)
FN:299,(anonymous_17)
FN:319,(anonymous_18)
FN:348,(anonymous_19)
FN:372,(anonymous_20)
FN:375,(anonymous_21)
FN:383,(anonymous_22)
FN:388,(anonymous_23)
FN:392,(anonymous_24)
FN:409,(anonymous_25)
FN:427,(anonymous_26)
FN:436,(anonymous_27)
FN:452,(anonymous_28)
FN:460,(anonymous_29)
FN:472,(anonymous_30)
FN:477,(anonymous_31)
FN:480,(anonymous_32)
FN:498,setOpacity
FN:501,(anonymous_34)
FN:510,updateAgentDest
FN:517,updateGhostColor
FN:518,(anonymous_37)
FN:524,movePlayerToDefaultPosition
FN:530,disableCamera
FN:538,enableCamera
FN:545,(anonymous_41)
FN:555,updateLife
FN:562,renderLife
FN:572,restart
FN:574,(anonymous_45)
FN:578,(anonymous_46)
FN:586,(anonymous_47)
FN:607,(anonymous_48)
FN:608,(anonymous_49)
FN:609,(anonymous_50)
FN:611,(anonymous_51)
FNF:52
FNH:48
FNDA:1,(anonymous_0)
FNDA:1,(anonymous_1)
FNDA:1,(anonymous_2)
FNDA:5,(anonymous_3)
FNDA:1,(anonymous_4)
FNDA:0,(anonymous_5)
FNDA:2,(anonymous_6)
FNDA:3,(anonymous_7)
FNDA:3,(anonymous_8)
FNDA:2,(anonymous_9)
FNDA:4,(anonymous_10)
FNDA:4,(anonymous_11)
FNDA:1,(anonymous_12)
FNDA:1,(anonymous_13)
FNDA:4,(anonymous_14)
FNDA:3,(anonymous_15)
FNDA:230,(anonymous_16)
FNDA:4,(anonymous_17)
FNDA:5,(anonymous_18)
FNDA:3,(anonymous_19)
FNDA:2,(anonymous_20)
FNDA:2,(anonymous_21)
FNDA:1,(anonymous_22)
FNDA:1,(anonymous_23)
FNDA:1,(anonymous_24)
FNDA:3,(anonymous_25)
FNDA:3,(anonymous_26)
FNDA:4,(anonymous_27)
FNDA:4,(anonymous_28)
FNDA:4,(anonymous_29)
FNDA:1,(anonymous_30)
FNDA:1,(anonymous_31)
FNDA:1,(anonymous_32)
FNDA:8,setOpacity
FNDA:8,(anonymous_34)
FNDA:8,updateAgentDest
FNDA:9,updateGhostColor
FNDA:9,(anonymous_37)
FNDA:6,movePlayerToDefaultPosition
FNDA:5,disableCamera
FNDA:7,enableCamera
FNDA:7,(anonymous_41)
FNDA:9,updateLife
FNDA:8,renderLife
FNDA:6,restart
FNDA:6,(anonymous_45)
FNDA:0,(anonymous_46)
FNDA:6,(anonymous_47)
FNDA:1,(anonymous_48)
FNDA:0,(anonymous_49)
FNDA:1,(anonymous_50)
FNDA:0,(anonymous_51)
DA:1,1
DA:2,1
DA:3,1
DA:4,1
DA:9,1
DA:10,1
DA:11,1
DA:12,1
DA:14,1
DA:15,1
DA:16,1
DA:17,1
DA:18,1
DA:19,1
DA:20,1
DA:21,1
DA:27,1
DA:28,1
DA:29,1
DA:30,1
DA:31,1
DA:32,1
DA:33,1
DA:34,1
DA:35,1
DA:37,1
DA:38,1
DA:39,1
DA:41,1
DA:42,1
DA:44,1
DA:45,1
DA:46,1
DA:47,1
DA:48,1
DA:50,1
DA:55,1
DA:60,1
DA:65,1
DA:68,1
DA:69,1
DA:73,1
DA:74,1
DA:75,1
DA:76,1
DA:78,1
DA:80,1
DA:81,1
DA:82,1
DA:83,1
DA:86,1
DA:87,1
DA:88,1
DA:94,5
DA:95,5
DA:98,1
DA:99,1
DA:100,0
DA:101,0
DA:102,0
DA:103,0
DA:104,0
DA:105,0
DA:106,0
DA:107,0
DA:108,0
DA:109,0
DA:110,0
DA:111,0
DA:116,2
DA:118,2
DA:119,2
DA:120,2
DA:122,2
DA:123,3
DA:124,3
DA:125,3
DA:126,3
DA:127,3
DA:128,3
DA:131,2
DA:132,3
DA:133,3
DA:137,2
DA:138,1508
DA:139,1508
DA:140,1508
DA:141,488
DA:143,488
DA:144,488
DA:145,488
DA:146,488
DA:147,488
DA:148,488
DA:150,488
DA:151,8
DA:152,8
DA:153,8
DA:154,8
DA:155,8
DA:156,8
DA:157,8
DA:159,488
DA:163,1508
DA:164,1508
DA:165,1508
DA:166,58
DA:167,58
DA:168,58
DA:171,2
DA:174,2
DA:175,2
DA:176,1
DA:177,1
DA:178,1
DA:182,4
DA:184,4
DA:185,4
DA:186,4
DA:188,4
DA:189,4
DA:190,4
DA:191,4
DA:192,4
DA:194,4
DA:195,4
DA:196,4
DA:200,4
DA:201,4
DA:205,1
DA:207,1
DA:208,1
DA:209,1
DA:210,1
DA:211,1
DA:212,1
DA:213,1
DA:216,1
DA:217,1
DA:219,1
DA:220,1
DA:221,1
DA:222,1
DA:224,1
DA:225,1
DA:226,1
DA:227,1
DA:230,1
DA:235,1
DA:236,0
DA:237,0
DA:238,0
DA:243,4
DA:244,4
DA:246,4
DA:247,4
DA:248,4
DA:249,4
DA:250,4
DA:251,4
DA:253,4
DA:254,0
DA:255,4
DA:256,0
DA:258,4
DA:259,4
DA:260,0
DA:264,3
DA:265,3
DA:266,3
DA:268,3
DA:270,3
DA:271,1
DA:272,1
DA:274,1
DA:275,1
DA:278,0
DA:279,0
DA:280,0
DA:282,0
DA:288,230
DA:289,230
DA:290,139
DA:291,139
DA:294,91
DA:295,91
DA:296,1
DA:300,4
DA:301,4
DA:302,4
DA:303,4
DA:305,4
DA:307,4
DA:308,4
DA:309,4
DA:310,1
DA:312,3
DA:313,4
DA:315,4
DA:316,4
DA:317,4
DA:320,5
DA:321,5
DA:323,5
DA:324,4
DA:325,2
DA:326,1
DA:328,1
DA:329,1
DA:330,1
DA:333,1
DA:337,1
DA:339,1
DA:340,1
DA:342,1
DA:343,1
DA:349,3
DA:350,3
DA:351,3
DA:353,3
DA:354,2
DA:355,2
DA:356,2
DA:357,2
DA:360,2
DA:361,0
DA:362,0
DA:363,0
DA:365,2
DA:366,2
DA:369,2
DA:373,2
DA:374,2
DA:375,2
DA:376,2
DA:377,2
DA:378,2
DA:384,1
DA:385,1
DA:387,1
DA:388,1
DA:389,1
DA:391,1
DA:392,1
DA:393,1
DA:395,1
DA:396,1
DA:397,1
DA:399,1
DA:400,1
DA:402,1
DA:403,1
DA:407,1
DA:410,3
DA:412,3
DA:415,3
DA:416,3
DA:419,3
DA:420,3
DA:421,3
DA:422,3
DA:423,3
DA:424,3
DA:425,3
DA:427,3
DA:429,3
DA:430,0
DA:431,0
DA:433,3
DA:437,4
DA:438,4
DA:439,4
DA:440,4
DA:443,4
DA:444,1
DA:445,1
DA:448,1
DA:452,4
DA:453,4
DA:460,4
DA:461,4
DA:462,4
DA:463,4
DA:464,4
DA:465,4
DA:470,1
DA:473,1
DA:474,1
DA:475,1
DA:476,1
DA:477,1
DA:478,1
DA:481,1
DA:482,1
DA:483,1
DA:484,1
DA:485,1
DA:486,1
DA:487,1
DA:491,1
DA:492,1
DA:493,1
DA:494,1
DA:499,8
DA:500,8
DA:501,8
DA:502,8
DA:503,8
DA:504,8
DA:505,8
DA:511,8
DA:518,9
DA:519,9
DA:520,9
DA:525,6
DA:526,6
DA:527,6
DA:531,5
DA:532,5
DA:533,5
DA:539,7
DA:540,7
DA:541,7
DA:545,7
DA:546,7
DA:547,7
DA:548,7
DA:549,7
DA:551,7
DA:556,9
DA:557,3
DA:558,3
DA:563,8
DA:564,8
DA:565,18
DA:567,8
DA:568,6
DA:573,6
DA:574,6
DA:575,6
DA:576,0
DA:577,0
DA:578,0
DA:579,0
DA:582,6
DA:583,6
DA:585,6
DA:586,6
DA:587,6
DA:588,6
DA:589,5
DA:591,6
DA:595,1
DA:596,1
DA:607,1
DA:608,0
DA:610,1
DA:611,1
DA:612,0
LF:359
LH:326
BRDA:87,0,0,0
BRDA:87,0,1,1
BRDA:103,1,0,0
BRDA:103,1,1,0
BRDA:103,2,0,0
BRDA:103,2,1,0
BRDA:126,3,0,3
BRDA:126,3,1,0
BRDA:126,4,0,3
BRDA:126,4,1,3
BRDA:140,5,0,488
BRDA:140,5,1,1020
BRDA:150,6,0,8
BRDA:150,6,1,480
BRDA:163,7,0,596
BRDA:163,7,1,912
BRDA:163,8,0,488
BRDA:163,8,1,108
BRDA:165,9,0,58
BRDA:165,9,1,1450
BRDA:175,10,0,1
BRDA:175,10,1,1
BRDA:216,11,0,1
BRDA:216,11,1,0
BRDA:216,12,0,1
BRDA:216,12,1,1
BRDA:235,13,0,0
BRDA:235,13,1,1
BRDA:235,14,0,1
BRDA:235,14,1,1
BRDA:250,15,0,0
BRDA:250,15,1,4
BRDA:250,16,0,0
BRDA:250,16,1,4
BRDA:251,17,0,0
BRDA:251,17,1,4
BRDA:251,18,0,0
BRDA:251,18,1,4
BRDA:253,19,0,0
BRDA:253,19,1,4
BRDA:253,20,0,4
BRDA:253,20,1,2
BRDA:255,21,0,0
BRDA:255,21,1,4
BRDA:255,22,0,4
BRDA:255,22,1,2
BRDA:259,23,0,0
BRDA:259,23,1,4
BRDA:259,24,0,4
BRDA:259,24,1,4
BRDA:266,25,0,0
BRDA:266,25,1,3
BRDA:270,26,0,1
BRDA:270,26,1,2
BRDA:271,27,0,1
BRDA:271,27,1,0
BRDA:278,28,0,0
BRDA:278,28,1,0
BRDA:279,29,0,0
BRDA:279,29,1,0
BRDA:279,30,0,0
BRDA:279,30,1,0
BRDA:289,31,0,139
BRDA:289,31,1,91
BRDA:291,32,0,139
BRDA:291,32,1,0
BRDA:294,33,0,0
BRDA:294,33,1,91
BRDA:295,34,0,1
BRDA:295,34,1,90
BRDA:308,35,0,1
BRDA:308,35,1,3
BRDA:309,36,0,1
BRDA:309,36,1,3
BRDA:323,37,0,4
BRDA:323,37,1,1
BRDA:323,38,0,5
BRDA:323,38,1,4
BRDA:324,39,0,2
BRDA:324,39,1,2
BRDA:325,40,0,1
BRDA:325,40,1,1
BRDA:351,41,0,1
BRDA:351,41,1,2
BRDA:351,42,0,0
BRDA:351,42,1,2
BRDA:351,43,0,1
BRDA:351,43,1,2
BRDA:351,44,0,0
BRDA:351,44,1,2
BRDA:353,45,0,2
BRDA:353,45,1,1
BRDA:353,46,0,3
BRDA:353,46,1,3
BRDA:355,47,0,2
BRDA:355,47,1,0
BRDA:355,48,0,2
BRDA:355,48,1,2
BRDA:360,49,0,0
BRDA:360,49,1,2
BRDA:369,50,0,0
BRDA:369,50,1,2
BRDA:429,51,0,0
BRDA:429,51,1,3
BRDA:443,52,0,1
BRDA:443,52,1,3
BRDA:482,53,0,1
BRDA:482,53,1,0
BRDA:494,54,0,1
BRDA:494,54,1,0
BRDA:500,55,0,0
BRDA:500,55,1,8
BRDA:502,56,0,8
BRDA:502,56,1,0
BRDA:519,57,0,9
BRDA:519,57,1,0
BRDA:519,58,0,9
BRDA:519,58,1,9
BRDA:547,59,0,7
BRDA:547,59,1,0
BRDA:556,60,0,3
BRDA:556,60,1,6
BRDA:572,61,0,5
BRDA:572,62,0,5
BRDA:575,63,0,0
BRDA:575,63,1,6
BRDA:588,64,0,5
BRDA:588,64,1,1
BRDA:595,65,0,1
BRDA:595,65,1,0
BRDA:595,66,0,1
BRDA:595,66,1,1
BRDA:606,67,0,1
BRDA:606,67,1,1
BRF:134
BRH:95
end_of_record
